2020-01-28 09:17:39,487 [main] INFO  [BundleRegistry] Registering resolved bundle: org.nuxeo.osgi.app
2020-01-28 09:17:39,536 [main] INFO  [OSGIRuntimeTestActivator] Starting Runtime Activator
2020-01-28 09:17:39,601 [main] INFO  [JavaUtilLoggingHelper] Redirecting java.util.logging to Apache Commons Logging, threshold is INFO
2020-01-28 09:17:39,602 [main] INFO  [AbstractRuntimeService] Starting Nuxeo Runtime service OSGi NXRuntime; version: 1.4.0
2020-01-28 09:17:39,661 [main] INFO  [BundleRegistry] Registering resolved bundle: org.nuxeo.ecm.actions
2020-01-28 09:17:39,687 [main] INFO  [BundleRegistry] Registering resolved bundle: org.nuxeo.runtime.stream
2020-01-28 09:17:39,708 [main] INFO  [BundleRegistry] Registering resolved bundle: org.nuxeo.ecm.csv.jsf
2020-01-28 09:17:39,729 [main] INFO  [BundleRegistry] Registering resolved bundle: org.nuxeo.ecm.core.bulk.test
2020-01-28 09:17:39,736 [main] INFO  [BundleRegistry] Registering resolved bundle: org.nuxeo.ecm.core.event
2020-01-28 09:17:39,770 [main] INFO  [BundleRegistry] Registering resolved bundle: org.nuxeo.ecm.core.storage.sql.test
2020-01-28 09:17:39,771 [main] INFO  [BundleRegistry] Registering resolved bundle: org.nuxeo.ecm.core.bulk
2020-01-28 09:17:39,780 [main] INFO  [BundleRegistry] Registering resolved bundle: org.nuxeo.runtime.metrics
2020-01-28 09:17:39,788 [main] INFO  [ComponentManagerImpl] Registration delayed for component: service:org.nuxeo.runtime.metrics.MetricsService. Waiting for: [service:org.nuxeo.runtime.management.ServerLocator]
2020-01-28 09:17:39,789 [main] INFO  [BundleRegistry] Registering resolved bundle: org.nuxeo.ecm.core.schema
2020-01-28 09:17:39,805 [main] INFO  [BundleRegistry] Registering resolved bundle: org.nuxeo.runtime.jtajca
2020-01-28 09:17:39,817 [main] INFO  [BundleRegistry] Registering resolved bundle: org.nuxeo.runtime.pubsub
2020-01-28 09:17:39,823 [main] INFO  [BundleRegistry] Registering resolved bundle: org.nuxeo.ecm.core.mimetype
2020-01-28 09:17:39,839 [main] INFO  [BundleRegistry] Registering resolved bundle: org.nuxeo.ecm.core.test
2020-01-28 09:17:39,840 [main] INFO  [BundleRegistry] Registering resolved bundle: org.nuxeo.ecm.core.event.test
2020-01-28 09:17:39,845 [main] INFO  [BundleRegistry] Registering resolved bundle: org.nuxeo.ecm.core.storage.mem
2020-01-28 09:17:39,850 [main] INFO  [ComponentManagerImpl] Registration delayed for component: service:org.nuxeo.ecm.core.storage.mem.MemRepositoryService. Waiting for: [service:org.nuxeo.ecm.core.storage.dbs.DBSRepositoryService]
2020-01-28 09:17:39,851 [main] INFO  [BundleRegistry] Registering resolved bundle: org.nuxeo.ecm.core.storage
2020-01-28 09:17:39,856 [main] INFO  [BundleRegistry] Registering resolved bundle: org.nuxeo.ecm.core.storage.mongodb
2020-01-28 09:17:39,860 [main] INFO  [ComponentManagerImpl] Registration delayed for component: service:org.nuxeo.ecm.core.storage.mongodb.MongoDBRepositoryService. Waiting for: [service:org.nuxeo.ecm.core.storage.dbs.DBSRepositoryService]
2020-01-28 09:17:39,862 [main] INFO  [BundleRegistry] Registering resolved bundle: org.nuxeo.ecm.platform.commandline.executor
2020-01-28 09:17:39,875 [main] INFO  [BundleRegistry] Registering resolved bundle: org.nuxeo.ecm.core
2020-01-28 09:17:39,883 [main] INFO  [ComponentManagerImpl] Registration delayed for component: service:org.nuxeo.ecm.core.repository.RepositoryServiceComponent. Waiting for: [service:org.nuxeo.ecm.core.api.repository.RepositoryManager]
2020-01-28 09:17:39,947 [main] INFO  [ComponentManagerImpl] Registration delayed for component: service:org.nuxeo.ecm.core.versioning.default-policies. Waiting for: [service:org.nuxeo.ecm.platform.el.service]
2020-01-28 09:17:39,975 [main] INFO  [BundleRegistry] Registering resolved bundle: org.nuxeo.ecm.core.storage.sql
2020-01-28 09:17:39,986 [main] INFO  [ComponentManagerImpl] Registration delayed for component: service:org.nuxeo.ecm.core.repository.RepositoryService. Waiting for: [service:org.nuxeo.ecm.core.storage.sql.RepositoryService]
2020-01-28 09:17:39,989 [main] INFO  [ComponentManagerImpl] Registration delayed for component: service:org.nuxeo.ecm.core.storage.sql.RepositoryService. Waiting for: [service:org.nuxeo.ecm.core.repository.RepositoryServiceComponent, service:org.nuxeo.ecm.core.api.repository.RepositoryManager]
2020-01-28 09:17:39,990 [main] INFO  [BundleRegistry] Registering resolved bundle: org.nuxeo.ecm.core.query
2020-01-28 09:17:39,993 [main] INFO  [BundleRegistry] Registering resolved bundle: org.nuxeo.ecm.csv.core
2020-01-28 09:17:40,001 [main] INFO  [BundleRegistry] Registering resolved bundle: org.nuxeo.ecm.core.api
2020-01-28 09:17:40,033 [main] INFO  [BundleRegistry] Registering resolved bundle: org.nuxeo.runtime.datasource
2020-01-28 09:17:40,037 [main] INFO  [BundleRegistry] Registering resolved bundle: org.nuxeo.ecm.core.convert
2020-01-28 09:17:40,042 [main] INFO  [BundleRegistry] Registering resolved bundle: org.nuxeo.ecm.platform.el
2020-01-28 09:17:40,045 [main] INFO  [BundleRegistry] Registering resolved bundle: org.nuxeo.runtime.reload
2020-01-28 09:17:40,047 [main] INFO  [BundleRegistry] Registering resolved bundle: org.nuxeo.runtime.migration
2020-01-28 09:17:40,051 [main] INFO  [ComponentManagerImpl] Registration delayed for component: service:org.nuxeo.runtime.migration.MigrationService. Waiting for: [service:org.nuxeo.runtime.kv.KeyValueService]
2020-01-28 09:17:40,051 [main] INFO  [BundleRegistry] Registering resolved bundle: org.nuxeo.runtime.stream.test
2020-01-28 09:17:40,052 [main] INFO  [BundleRegistry] Registering resolved bundle: org.nuxeo.runtime.management
2020-01-28 09:17:40,055 [main] INFO  [ComponentManagerImpl] Registration delayed for component: service:org.nuxeo.runtime.management.ResourcePublisher. Waiting for: [service:org.nuxeo.runtime.management.ServerLocator]
2020-01-28 09:17:40,061 [main] INFO  [BundleRegistry] Registering resolved bundle: org.nuxeo.runtime.mongodb
2020-01-28 09:17:40,064 [main] INFO  [BundleRegistry] Registering resolved bundle: org.nuxeo.ecm.core.cache
2020-01-28 09:17:40,070 [main] INFO  [BundleRegistry] Registering resolved bundle: org.nuxeo.ecm.core.io
2020-01-28 09:17:40,080 [main] INFO  [BundleRegistry] Registering resolved bundle: org.nuxeo.ecm.core.storage.dbs
2020-01-28 09:17:40,082 [main] INFO  [BundleRegistry] Registering resolved bundle: org.nuxeo.runtime.kv
2020-01-28 09:17:40,085 [main] INFO  [BundleRegistry] Registering resolved bundle: org.nuxeo.ecm.core.convert.plugins
2020-01-28 09:17:40,092 [main] INFO  [RuntimeStreamFeature] Deploying Nuxeo Stream using Chronicle
2020-01-28 09:17:40,092 [main] INFO  [WorkManagerFeature] Deploying WorkManager using default implementation
2020-01-28 09:17:40,097 [main] INFO  [StorageConfiguration] Deploying JDBC using DatabaseH2
2020-01-28 09:17:40,487 [main] INFO  [StorageConfiguration] Deploying a VCS repository
2020-01-28 09:17:40,509 [main] INFO  [ComponentManagerImpl] Starting Nuxeo Components
2020-01-28 09:17:40,509 [main] INFO  [ComponentManagerImpl] Activate components
2020-01-28 09:17:40,757 [main] INFO  [SchemaManagerImpl] Registered schema: core-types
2020-01-28 09:17:40,757 [main] INFO  [SchemaManagerImpl] Registered schema: base
2020-01-28 09:17:40,757 [main] INFO  [SchemaManagerImpl] Registered schema: relation
2020-01-28 09:17:40,757 [main] INFO  [SchemaManagerImpl] Registered schema: common
2020-01-28 09:17:40,757 [main] INFO  [SchemaManagerImpl] Registered schema: dublincore
2020-01-28 09:17:40,758 [main] INFO  [SchemaManagerImpl] Registered schema: uid
2020-01-28 09:17:40,758 [main] INFO  [SchemaManagerImpl] Registered schema: file
2020-01-28 09:17:40,758 [main] INFO  [SchemaManagerImpl] Registered schema: files
2020-01-28 09:17:40,758 [main] INFO  [SchemaManagerImpl] Registered schema: note
2020-01-28 09:17:40,758 [main] INFO  [SchemaManagerImpl] Registered schema: domain
2020-01-28 09:17:40,758 [main] INFO  [SchemaManagerImpl] Registered schema: relatedtext
2020-01-28 09:17:40,758 [main] INFO  [SchemaManagerImpl] Registered schema: publishing
2020-01-28 09:17:40,758 [main] INFO  [SchemaManagerImpl] Registered schema: webcontainer
2020-01-28 09:17:40,759 [main] INFO  [SchemaManagerImpl] Registered schema: collection
2020-01-28 09:17:40,759 [main] INFO  [SchemaManagerImpl] Registered schema: collectionMember
2020-01-28 09:17:40,759 [main] INFO  [SchemaManagerImpl] Registered global prefetch: common.icon, dc:title, dc:description, dc:created, dc:modified,
        dc:lastContributor, dc:creator
2020-01-28 09:17:40,759 [main] INFO  [SchemaManagerImpl] Registered clearComplexPropertyBeforeSet: true
2020-01-28 09:17:40,760 [main] INFO  [SchemaManagerImpl] Registered allowVersionWriteForDublinCore: false
2020-01-28 09:17:40,762 [main] INFO  [SchemaManagerImpl] Registered facet: Folderish
2020-01-28 09:17:40,762 [main] INFO  [SchemaManagerImpl] Registered facet: Orderable
2020-01-28 09:17:40,762 [main] INFO  [SchemaManagerImpl] Registered facet: Versionable
2020-01-28 09:17:40,762 [main] INFO  [SchemaManagerImpl] Registered facet: Downloadable
2020-01-28 09:17:40,762 [main] INFO  [SchemaManagerImpl] Registered facet: Publishable
2020-01-28 09:17:40,762 [main] INFO  [SchemaManagerImpl] Registered facet: PublishSpace
2020-01-28 09:17:40,763 [main] INFO  [SchemaManagerImpl] Registered facet: MasterPublishSpace
2020-01-28 09:17:40,763 [main] INFO  [SchemaManagerImpl] Registered facet: Commentable
2020-01-28 09:17:40,763 [main] INFO  [SchemaManagerImpl] Registered facet: WebView
2020-01-28 09:17:40,763 [main] INFO  [SchemaManagerImpl] Registered facet: SuperSpace
2020-01-28 09:17:40,763 [main] INFO  [SchemaManagerImpl] Registered facet: HiddenInNavigation
2020-01-28 09:17:40,763 [main] INFO  [SchemaManagerImpl] Registered facet: SystemDocument
2020-01-28 09:17:40,763 [main] INFO  [SchemaManagerImpl] Registered facet: NotFulltextIndexable
2020-01-28 09:17:40,763 [main] INFO  [SchemaManagerImpl] Registered facet: BigFolder
2020-01-28 09:17:40,764 [main] INFO  [SchemaManagerImpl] Registered facet: HiddenInCreation
2020-01-28 09:17:40,764 [main] INFO  [SchemaManagerImpl] Registered facet: HasRelatedText
2020-01-28 09:17:40,764 [main] INFO  [SchemaManagerImpl] Registered facet: Collection
2020-01-28 09:17:40,764 [main] INFO  [SchemaManagerImpl] Registered facet: NotCollectionMember
2020-01-28 09:17:40,764 [main] INFO  [SchemaManagerImpl] Registered facet: CollectionMember
2020-01-28 09:17:40,764 [main] INFO  [SchemaManagerImpl] Registered proxies descriptor for schemas: [collectionMember]
2020-01-28 09:17:40,764 [main] INFO  [SchemaManagerImpl] Registered document type: Folder
2020-01-28 09:17:40,764 [main] INFO  [SchemaManagerImpl] Registered document type: OrderedFolder
2020-01-28 09:17:40,765 [main] INFO  [SchemaManagerImpl] Registered document type: HiddenFolder
2020-01-28 09:17:40,765 [main] INFO  [SchemaManagerImpl] Registered document type: Root
2020-01-28 09:17:40,765 [main] INFO  [SchemaManagerImpl] Registered document type: Relation
2020-01-28 09:17:40,765 [main] INFO  [SchemaManagerImpl] Registered document type: Domain
2020-01-28 09:17:40,765 [main] INFO  [SchemaManagerImpl] Registered document type: WorkspaceRoot
2020-01-28 09:17:40,765 [main] INFO  [SchemaManagerImpl] Registered document type: Workspace
2020-01-28 09:17:40,765 [main] INFO  [SchemaManagerImpl] Registered document type: TemplateRoot
2020-01-28 09:17:40,766 [main] INFO  [SchemaManagerImpl] Registered document type: SectionRoot
2020-01-28 09:17:40,766 [main] INFO  [SchemaManagerImpl] Registered document type: Section
2020-01-28 09:17:40,766 [main] INFO  [SchemaManagerImpl] Registered document type: File
2020-01-28 09:17:40,766 [main] INFO  [SchemaManagerImpl] Registered document type: Note
2020-01-28 09:17:40,766 [main] INFO  [SchemaManagerImpl] Registered document type: Collection
2020-01-28 09:17:40,766 [main] INFO  [SchemaManagerImpl] Registered document type: Collections
2020-01-28 09:17:40,767 [main] INFO  [SchemaManagerImpl] Registered property deprecation: PropertyDeprecationDescriptor(schema=common, name=size, deprecated=false)
2020-01-28 09:17:40,767 [main] INFO  [SchemaManagerImpl] Registered property deprecation: PropertyDeprecationDescriptor(schema=file, name=filename, fallback=content/name, deprecated=false)
2020-01-28 09:17:40,767 [main] INFO  [SchemaManagerImpl] Registered property deprecation: PropertyDeprecationDescriptor(schema=files, name=files/*/filename, fallback=files/*/file/name, deprecated=false)
2020-01-28 09:17:40,772 [main] INFO  [LifeCycleRegistry] Registering lifecycle: default
2020-01-28 09:17:40,774 [main] INFO  [LifeCycleTypeRegistry] Registering lifecycle types mapping: File-default
2020-01-28 09:17:40,774 [main] INFO  [LifeCycleTypeRegistry] Registering lifecycle types mapping: Note-default
2020-01-28 09:17:40,775 [main] INFO  [LifeCycleTypeRegistry] Registering lifecycle types mapping: Calendar-default
2020-01-28 09:17:40,775 [main] INFO  [LifeCycleTypeRegistry] Registering lifecycle types mapping: Folder-default
2020-01-28 09:17:40,775 [main] INFO  [LifeCycleTypeRegistry] Registering lifecycle types mapping: OrderedFolder-default
2020-01-28 09:17:40,775 [main] INFO  [LifeCycleTypeRegistry] Registering lifecycle types mapping: Workspace-default
2020-01-28 09:17:40,775 [main] INFO  [LifeCycleTypeRegistry] Registering lifecycle types mapping: Domain-default
2020-01-28 09:17:40,775 [main] INFO  [LifeCycleTypeRegistry] Registering lifecycle types mapping: Root-default
2020-01-28 09:17:40,775 [main] INFO  [LifeCycleTypeRegistry] Registering lifecycle types mapping: Section-default
2020-01-28 09:17:40,775 [main] INFO  [LifeCycleTypeRegistry] Registering lifecycle types mapping: WorkspaceRoot-default
2020-01-28 09:17:40,776 [main] INFO  [LifeCycleTypeRegistry] Registering lifecycle types mapping: SectionRoot-default
2020-01-28 09:17:40,776 [main] INFO  [LifeCycleTypeRegistry] Registering lifecycle types mapping: TemplateRoot-default
2020-01-28 09:17:40,840 [main] INFO  [QueryMakerServiceImpl] Registering QueryMaker 'NXQL': org.nuxeo.ecm.core.storage.sql.jdbc.NXQLQueryMaker
2020-01-28 09:17:40,846 [main] INFO  [DocumentAdapterService] Registered document adapter factory null: interface org.nuxeo.ecm.core.api.facet.VersioningDocument
2020-01-28 09:17:40,857 [main] INFO  [DocumentAdapterService] Registered document adapter factory null: interface org.nuxeo.ecm.core.api.blobholder.BlobHolder
2020-01-28 09:17:40,862 [main] INFO  [DocumentAdapterService] Registered document adapter factory null: class org.nuxeo.ecm.core.api.thumbnail.ThumbnailAdapter
2020-01-28 09:17:40,879 [main] INFO  [VersioningComponent] Registered versioning policy: no-versioning-for-system-before-update
2020-01-28 09:17:40,884 [main] INFO  [VersioningComponent] Registered versioning policy: no-versioning-for-system-after-update
2020-01-28 09:17:40,885 [main] INFO  [VersioningComponent] Registered versioning policy: note-as-wiki
2020-01-28 09:17:40,885 [main] INFO  [VersioningComponent] Registered versioning policy: collaborative-save
2020-01-28 09:17:40,887 [main] INFO  [VersioningComponent] Registered versioning filter: system-document
2020-01-28 09:17:40,887 [main] INFO  [VersioningComponent] Registered versioning filter: note-filter
2020-01-28 09:17:40,887 [main] INFO  [VersioningComponent] Registered versioning filter: last-contributor-different-filter
2020-01-28 09:17:41,040 [main] INFO  [CommandLineExecutorComponent] Registered command: pdftotext
2020-01-28 09:17:41,100 [main] INFO  [CommandLineExecutorComponent] Registered command: ps2pdf
2020-01-28 09:17:41,110 [main] INFO  [RepositoryManagerImpl] Registering repository: test
2020-01-28 09:17:41,114 [main] INFO  [ComponentManagerImpl] Start components (isResume=false)
2020-01-28 09:17:41,115 [main] INFO  [DataSourceComponent] Registering datasource: jdbc/nuxeojunittests
2020-01-28 09:17:41,116 [main] INFO  [DataSourceDescriptor] binding jdbc/nuxeojunittests
2020-01-28 09:17:41,182 [main] INFO  [DataSourceComponent] Registering DataSourceLink: java:comp/env/jdbc/repository_test
2020-01-28 09:17:41,337 [main] INFO  [StreamServiceImpl] Create if not exists stream: command with manager: bulk
2020-01-28 09:17:41,625 [main] INFO  [StreamServiceImpl] Create if not exists stream: status with manager: bulk
2020-01-28 09:17:41,630 [main] INFO  [StreamServiceImpl] Create if not exists stream: done with manager: bulk
2020-01-28 09:17:41,635 [main] INFO  [StreamServiceImpl] Init Stream processor: setProperties with manager: bulk
2020-01-28 09:17:41,807 [main] INFO  [StreamServiceImpl] Init Stream processor: setSystemProperties with manager: bulk
2020-01-28 09:17:41,823 [main] INFO  [StreamServiceImpl] Init Stream processor: removeProxy with manager: bulk
2020-01-28 09:17:41,836 [main] INFO  [StreamServiceImpl] Init Stream processor: trash with manager: bulk
2020-01-28 09:17:41,853 [main] INFO  [WorkManagerImpl] Initialized work queue default, WorkQueueDescriptor(id=default categories=[] queuing=true processing=true maxThreads=4 capacity=-1)
2020-01-28 09:17:41,854 [main] INFO  [WorkManagerImpl] Initialized work queue fulltextUpdater, WorkQueueDescriptor(id=fulltextUpdater categories=[fulltextUpdater] queuing=true processing=true maxThreads=1 capacity=-1)
2020-01-28 09:17:41,854 [main] INFO  [WorkManagerImpl] Initialized work queue updateACEStatus, WorkQueueDescriptor(id=updateACEStatus categories=[updateACEStatus] queuing=true processing=true maxThreads=1 capacity=-1)
2020-01-28 09:17:41,854 [main] INFO  [WorkManagerImpl] Initialized work queue csvImporter, WorkQueueDescriptor(id=csvImporter categories=[csvImporter] queuing=true processing=true maxThreads=1 capacity=-1)
2020-01-28 09:17:41,855 [main] INFO  [MigrationServiceImpl] Not registering a migration invalidator because clustering is not enabled
2020-01-28 09:17:41,941 [main] INFO  [SchemaManagerImpl] Registered schema: core-types from /Users/mohamed/Desktop/nuxeo-csv/nuxeo-csv-jsf/target/nxruntime-main-6086981689580462183.tmp/tmp/schemas/core-types.xsd
2020-01-28 09:17:41,951 [main] INFO  [SchemaManagerImpl] Registered schema: base from /Users/mohamed/Desktop/nuxeo-csv/nuxeo-csv-jsf/target/nxruntime-main-6086981689580462183.tmp/tmp/schemas/base.xsd
2020-01-28 09:17:41,966 [main] INFO  [SchemaManagerImpl] Registered schema: relation from /Users/mohamed/Desktop/nuxeo-csv/nuxeo-csv-jsf/target/nxruntime-main-6086981689580462183.tmp/tmp/schemas/relation.xsd
2020-01-28 09:17:41,974 [main] INFO  [SchemaManagerImpl] Registered schema: common from /Users/mohamed/Desktop/nuxeo-csv/nuxeo-csv-jsf/target/nxruntime-main-6086981689580462183.tmp/tmp/schemas/common.xsd
2020-01-28 09:17:41,982 [main] INFO  [XSDLoader] type of null|null targets ObjectResolver namespace but has no matching resolver registered (please contribute to component : org.nuxeo.ecm.core.schema.ObjectResolverService)
2020-01-28 09:17:41,983 [main] INFO  [XSDLoader] type of coverage|null targets ObjectResolver namespace but has no matching resolver registered (please contribute to component : org.nuxeo.ecm.core.schema.ObjectResolverService)
2020-01-28 09:17:41,983 [main] INFO  [XSDLoader] type of creator|null targets ObjectResolver namespace but has no matching resolver registered (please contribute to component : org.nuxeo.ecm.core.schema.ObjectResolverService)
2020-01-28 09:17:41,984 [main] INFO  [XSDLoader] type of null|null targets ObjectResolver namespace but has no matching resolver registered (please contribute to component : org.nuxeo.ecm.core.schema.ObjectResolverService)
2020-01-28 09:17:41,984 [main] INFO  [XSDLoader] type of lastContributor|null targets ObjectResolver namespace but has no matching resolver registered (please contribute to component : org.nuxeo.ecm.core.schema.ObjectResolverService)
2020-01-28 09:17:41,984 [main] INFO  [XSDLoader] type of nature|null targets ObjectResolver namespace but has no matching resolver registered (please contribute to component : org.nuxeo.ecm.core.schema.ObjectResolverService)
2020-01-28 09:17:41,984 [main] INFO  [SchemaManagerImpl] Registered schema: dublincore from /Users/mohamed/Desktop/nuxeo-csv/nuxeo-csv-jsf/target/nxruntime-main-6086981689580462183.tmp/tmp/schemas/dublincore.xsd
2020-01-28 09:17:41,993 [main] INFO  [SchemaManagerImpl] Registered schema: uid from /Users/mohamed/Desktop/nuxeo-csv/nuxeo-csv-jsf/target/nxruntime-main-6086981689580462183.tmp/tmp/schemas/uid.xsd
2020-01-28 09:17:42,006 [main] INFO  [SchemaManagerImpl] Registered schema: file from /Users/mohamed/Desktop/nuxeo-csv/nuxeo-csv-jsf/target/nxruntime-main-6086981689580462183.tmp/tmp/schemas/file.xsd
2020-01-28 09:17:42,015 [main] INFO  [SchemaManagerImpl] Registered schema: files from /Users/mohamed/Desktop/nuxeo-csv/nuxeo-csv-jsf/target/nxruntime-main-6086981689580462183.tmp/tmp/schemas/files.xsd
2020-01-28 09:17:42,022 [main] INFO  [SchemaManagerImpl] Registered schema: note from /Users/mohamed/Desktop/nuxeo-csv/nuxeo-csv-jsf/target/nxruntime-main-6086981689580462183.tmp/tmp/schemas/note.xsd
2020-01-28 09:17:42,028 [main] INFO  [SchemaManagerImpl] Registered schema: domain from /Users/mohamed/Desktop/nuxeo-csv/nuxeo-csv-jsf/target/nxruntime-main-6086981689580462183.tmp/tmp/schemas/domain.xsd
2020-01-28 09:17:42,034 [main] INFO  [SchemaManagerImpl] Registered schema: relatedtext from /Users/mohamed/Desktop/nuxeo-csv/nuxeo-csv-jsf/target/nxruntime-main-6086981689580462183.tmp/tmp/schemas/relatedtext.xsd
2020-01-28 09:17:42,040 [main] INFO  [SchemaManagerImpl] Registered schema: publishing from /Users/mohamed/Desktop/nuxeo-csv/nuxeo-csv-jsf/target/nxruntime-main-6086981689580462183.tmp/tmp/schemas/publishing.xsd
2020-01-28 09:17:42,046 [main] INFO  [SchemaManagerImpl] Registered schema: webcontainer from /Users/mohamed/Desktop/nuxeo-csv/nuxeo-csv-jsf/target/nxruntime-main-6086981689580462183.tmp/tmp/schemas/webcontainer.xsd
2020-01-28 09:17:42,052 [main] INFO  [SchemaManagerImpl] Registered schema: collection from /Users/mohamed/Desktop/nuxeo-csv/nuxeo-csv-jsf/target/nxruntime-main-6086981689580462183.tmp/tmp/schemas/collection.xsd
2020-01-28 09:17:42,058 [main] INFO  [SchemaManagerImpl] Registered schema: collectionMember from /Users/mohamed/Desktop/nuxeo-csv/nuxeo-csv-jsf/target/nxruntime-main-6086981689580462183.tmp/tmp/schemas/collectionMember.xsd
2020-01-28 09:17:42,064 [main] INFO  [CacheServiceImpl] Not registering a cache invalidator because clustering is not enabled
2020-01-28 09:17:42,399 [main] INFO  [RepositoryImpl] Repository test using lock manager VCSLockManager(test)
2020-01-28 09:17:42,402 [main] INFO  [RepositoryImpl] VCS Mapper cache using: org.nuxeo.ecm.core.storage.sql.SoftRefCachingMapper
2020-01-28 09:17:42,479 [main] INFO  [SchedulerServiceImpl] Registering Schedule aceScheduler (cron=0 0/5 * * * ?)
2020-01-28 09:17:42,489 [main] INFO  [SchedulerServiceImpl] Registering Schedule transientStoreGC (cron=0 0/15 * * * ?)
2020-01-28 09:17:42,491 [main] INFO  [SchedulerServiceImpl] Registering Schedule orphanVersionsCleanup (cron=0 30 1 * * ?)
2020-01-28 09:17:42,491 [main] INFO  [SchedulerServiceImpl] Registering Schedule softDeleteCleanup (cron=0 0/15 * * * ?)
2020-01-28 09:17:42,492 [main] INFO  [SchedulerServiceImpl] scheduler started
2020-01-28 09:17:42,493 [main] WARN  [TransientStorageComponent] Missing configuration for default transient store, using in-memory
2020-01-28 09:17:42,528 [main] INFO  [MetricsServiceImpl] Setting up metrics configuration
2020-01-28 09:17:42,557 [main] INFO  [ComputationPool] setProperties: Starting pool
2020-01-28 09:17:42,580 [main] INFO  [ComputationPool] setSystemProperties: Starting pool
2020-01-28 09:17:42,586 [main] INFO  [ComputationPool] removeProxy: Starting pool
2020-01-28 09:17:42,591 [main] INFO  [ComputationPool] trash: Starting pool
2020-01-28 09:17:42,595 [main] INFO  [WorkManagerImpl] Activated work queue default, WorkQueueDescriptor(id=default categories=[] queuing=true processing=true maxThreads=4 capacity=-1)
2020-01-28 09:17:42,597 [main] INFO  [WorkManagerImpl] Activated work queue fulltextUpdater, WorkQueueDescriptor(id=fulltextUpdater categories=[fulltextUpdater] queuing=true processing=true maxThreads=1 capacity=-1)
2020-01-28 09:17:42,597 [main] INFO  [WorkManagerImpl] Activated work queue updateACEStatus, WorkQueueDescriptor(id=updateACEStatus categories=[updateACEStatus] queuing=true processing=true maxThreads=1 capacity=-1)
2020-01-28 09:17:42,597 [main] INFO  [WorkManagerImpl] Activated work queue csvImporter, WorkQueueDescriptor(id=csvImporter categories=[csvImporter] queuing=true processing=true maxThreads=1 capacity=-1)
2020-01-28 09:17:42,608 [main] INFO  [ComputationPool] scroller: Starting pool
2020-01-28 09:17:42,612 [main] INFO  [ComputationPool] status: Starting pool
2020-01-28 09:17:42,618 [main] ERROR [OSGiRuntimeService] Nuxeo Platform Started
======================================================================
= Component Loading Warnings:
  * Missing configuration for default transient store, using in-memory
======================================================================
= Component Loading Status: Pending: 0 / Missing: 1 / Unstarted: 0 / Total: 113
  * service:org.nuxeo.ecm.csv.core.operation.contrib references missing [target=org.nuxeo.ecm.core.operation.OperationServiceComponent;point=operations]
======================================================================
2020-01-28 09:17:42,839 [main] INFO  [AbstractRuntimeService] Stopping Nuxeo Runtime service OSGi NXRuntime; version: 1.4.0
2020-01-28 09:17:42,839 [main] INFO  [ComponentManagerImpl] Stopping Nuxeo Components
2020-01-28 09:17:42,839 [main] INFO  [ComponentManagerImpl] Stop components (isStandby=false)
2020-01-28 09:17:42,841 [main] INFO  [ComputationPool] setSystemProperties: Stopping
2020-01-28 09:17:42,952 [main] INFO  [ComputationPool] removeProxy: Stopping
2020-01-28 09:17:42,962 [main] INFO  [ComputationPool] setProperties: Stopping
2020-01-28 09:17:43,093 [main] INFO  [ComputationPool] trash: Stopping
2020-01-28 09:17:43,228 [main] INFO  [WorkManagerImpl] Deactivated work queue default
2020-01-28 09:17:43,228 [main] INFO  [WorkManagerImpl] Deactivated work queue fulltextUpdater
2020-01-28 09:17:43,229 [main] INFO  [WorkManagerImpl] Deactivated work queue updateACEStatus
2020-01-28 09:17:43,229 [main] INFO  [WorkManagerImpl] Deactivated work queue csvImporter
2020-01-28 09:17:43,231 [main] INFO  [ComputationPool] status: Stopping
2020-01-28 09:17:43,231 [ForkJoinPool.commonPool-worker-1] INFO  [ComputationPool] scroller: Stopping
2020-01-28 09:17:43,365 [main] INFO  [RepositoryService] Shutting down repository manager
2020-01-28 09:17:43,370 [main] INFO  [DataSourceComponent] Unregistering DataSourceLink: java:comp/env/jdbc/repository_test
2020-01-28 09:17:43,370 [main] INFO  [DataSourceComponent] Unregistering datasource: jdbc/nuxeojunittests
2020-01-28 09:17:43,371 [main] INFO  [ComponentManagerImpl] Deactivate components
